yarn run v1.22.19
$ node glue-code.mjs
CQ {
  name: 'ExitStatus',
  message: 'Program terminated with exit(1)',
  status: 1
}
Memory initialized: Int32Array(16384) [
  0, 0, 0, 0, 0, 0, 0, 0, 0, 0, 0, 0,
  0, 0, 0, 0, 0, 0, 0, 0, 0, 0, 0, 0,
  0, 0, 0, 0, 0, 0, 0, 0, 0, 0, 0, 0,
  0, 0, 0, 0, 0, 0, 0, 0, 0, 0, 0, 0,
  0, 0, 0, 0, 0, 0, 0, 0, 0, 0, 0, 0,
  0, 0, 0, 0, 0, 0, 0, 0, 0, 0, 0, 0,
  0, 0, 0, 0, 0, 0, 0, 0, 0, 0, 0, 0,
  0, 0, 0, 0, 0, 0, 0, 0, 0, 0, 0, 0,
  0, 0, 0, 0,
  ... 16284 more items
]
sleep...
Dumping view...
Int32Array(16384) [
  0, 45, 1, 0, 1, 0, 0, 0, 0, 0, 0, 0,
  0,  0, 0, 0, 0, 0, 0, 0, 0, 0, 0, 0,
  0,  0, 0, 0, 0, 0, 0, 0, 0, 0, 0, 0,
  0,  0, 0, 0, 0, 0, 0, 0, 0, 0, 0, 0,
  0,  0, 0, 0, 0, 0, 0, 0, 0, 0, 0, 0,
  0,  0, 0, 0, 0, 0, 0, 0, 0, 0, 0, 0,
  0,  0, 0, 0, 0, 0, 0, 0, 0, 0, 0, 0,
  0,  0, 0, 0, 0, 0, 0, 0, 0, 0, 0, 0,
  0,  0, 0, 0,
  ... 16284 more items
]
stack unwound
timeout ended, starting to rewind the stack
...resume
sleep...
Dumping view...
Int32Array(16384) [
   0,   44, 1,  1, 0, 0, 0, 0, 0, 0, 0, 0,
  56, 1024, 0, 45, 1, 1, 0, 0, 0, 0, 0, 0,
   0,    0, 0,  0, 0, 0, 0, 0, 0, 0, 0, 0,
   0,    0, 0,  0, 0, 0, 0, 0, 0, 0, 0, 0,
   0,    0, 0,  0, 0, 0, 0, 0, 0, 0, 0, 0,
   0,    0, 0,  0, 0, 0, 0, 0, 0, 0, 0, 0,
   0,    0, 0,  0, 0, 0, 0, 0, 0, 0, 0, 0,
   0,    0, 0,  0, 0, 0, 0, 0, 0, 0, 0, 0,
   0,    0, 0,  0,
  ... 16284 more items
]
timeout ended, starting to rewind the stack
...resume
sleep...
Dumping view...
Int32Array(16384) [
   0,   43, 2,  1, 1, 0, 0, 0, 0, 0, 0, 0,
  56, 1024, 0, 44, 0, 1, 1, 0, 0, 0, 0, 0,
   0,    0, 0,  0, 0, 0, 0, 0, 0, 0, 0, 0,
   0,    0, 0,  0, 0, 0, 0, 0, 0, 0, 0, 0,
   0,    0, 0,  0, 0, 0, 0, 0, 0, 0, 0, 0,
   0,    0, 0,  0, 0, 0, 0, 0, 0, 0, 0, 0,
   0,    0, 0,  0, 0, 0, 0, 0, 0, 0, 0, 0,
   0,    0, 0,  0, 0, 0, 0, 0, 0, 0, 0, 0,
   0,    0, 0,  0,
  ... 16284 more items
]
timeout ended, starting to rewind the stack
...resume
sleep...
Dumping view...
Int32Array(16384) [
   0,   42, 3,  2, 1, 0, 0, 0, 0, 0, 0, 0,
  56, 1024, 0, 43, 1, 2, 1, 0, 0, 0, 0, 0,
   0,    0, 0,  0, 0, 0, 0, 0, 0, 0, 0, 0,
   0,    0, 0,  0, 0, 0, 0, 0, 0, 0, 0, 0,
   0,    0, 0,  0, 0, 0, 0, 0, 0, 0, 0, 0,
   0,    0, 0,  0, 0, 0, 0, 0, 0, 0, 0, 0,
   0,    0, 0,  0, 0, 0, 0, 0, 0, 0, 0, 0,
   0,    0, 0,  0, 0, 0, 0, 0, 0, 0, 0, 0,
   0,    0, 0,  0,
  ... 16284 more items
]
timeout ended, starting to rewind the stack
...resume
sleep...
Dumping view...
Int32Array(16384) [
   0,   41, 5,  3, 2, 0, 0, 0, 0, 0, 0, 0,
  56, 1024, 0, 42, 1, 3, 2, 0, 0, 0, 0, 0,
   0,    0, 0,  0, 0, 0, 0, 0, 0, 0, 0, 0,
   0,    0, 0,  0, 0, 0, 0, 0, 0, 0, 0, 0,
   0,    0, 0,  0, 0, 0, 0, 0, 0, 0, 0, 0,
   0,    0, 0,  0, 0, 0, 0, 0, 0, 0, 0, 0,
   0,    0, 0,  0, 0, 0, 0, 0, 0, 0, 0, 0,
   0,    0, 0,  0, 0, 0, 0, 0, 0, 0, 0, 0,
   0,    0, 0,  0,
  ... 16284 more items
]
timeout ended, starting to rewind the stack
...resume
sleep...
Dumping view...
Int32Array(16384) [
   0,   40, 8,  5, 3, 0, 0, 0, 0, 0, 0, 0,
  56, 1024, 0, 41, 2, 5, 3, 0, 0, 0, 0, 0,
   0,    0, 0,  0, 0, 0, 0, 0, 0, 0, 0, 0,
   0,    0, 0,  0, 0, 0, 0, 0, 0, 0, 0, 0,
   0,    0, 0,  0, 0, 0, 0, 0, 0, 0, 0, 0,
   0,    0, 0,  0, 0, 0, 0, 0, 0, 0, 0, 0,
   0,    0, 0,  0, 0, 0, 0, 0, 0, 0, 0, 0,
   0,    0, 0,  0, 0, 0, 0, 0, 0, 0, 0, 0,
   0,    0, 0,  0,
  ... 16284 more items
]
timeout ended, starting to rewind the stack
...resume
sleep...
Dumping view...
Int32Array(16384) [
   0,   39, 13,  8, 5, 0, 0, 0, 0, 0, 0, 0,
  56, 1024,  0, 40, 3, 8, 5, 0, 0, 0, 0, 0,
   0,    0,  0,  0, 0, 0, 0, 0, 0, 0, 0, 0,
   0,    0,  0,  0, 0, 0, 0, 0, 0, 0, 0, 0,
   0,    0,  0,  0, 0, 0, 0, 0, 0, 0, 0, 0,
   0,    0,  0,  0, 0, 0, 0, 0, 0, 0, 0, 0,
   0,    0,  0,  0, 0, 0, 0, 0, 0, 0, 0, 0,
   0,    0,  0,  0, 0, 0, 0, 0, 0, 0, 0, 0,
   0,    0,  0,  0,
  ... 16284 more items
]
timeout ended, starting to rewind the stack
...resume
sleep...
Dumping view...
Int32Array(16384) [
   0,   38, 21, 13, 8,  0, 0, 0, 0, 0, 0, 0,
  56, 1024,  0, 39, 5, 13, 8, 0, 0, 0, 0, 0,
   0,    0,  0,  0, 0,  0, 0, 0, 0, 0, 0, 0,
   0,    0,  0,  0, 0,  0, 0, 0, 0, 0, 0, 0,
   0,    0,  0,  0, 0,  0, 0, 0, 0, 0, 0, 0,
   0,    0,  0,  0, 0,  0, 0, 0, 0, 0, 0, 0,
   0,    0,  0,  0, 0,  0, 0, 0, 0, 0, 0, 0,
   0,    0,  0,  0, 0,  0, 0, 0, 0, 0, 0, 0,
   0,    0,  0,  0,
  ... 16284 more items
]
timeout ended, starting to rewind the stack
...resume
sleep...
Dumping view...
Int32Array(16384) [
   0,   37, 34, 21, 13,  0,  0, 0, 0, 0, 0, 0,
  56, 1024,  0, 38,  8, 21, 13, 0, 0, 0, 0, 0,
   0,    0,  0,  0,  0,  0,  0, 0, 0, 0, 0, 0,
   0,    0,  0,  0,  0,  0,  0, 0, 0, 0, 0, 0,
   0,    0,  0,  0,  0,  0,  0, 0, 0, 0, 0, 0,
   0,    0,  0,  0,  0,  0,  0, 0, 0, 0, 0, 0,
   0,    0,  0,  0,  0,  0,  0, 0, 0, 0, 0, 0,
   0,    0,  0,  0,  0,  0,  0, 0, 0, 0, 0, 0,
   0,    0,  0,  0,
  ... 16284 more items
]
timeout ended, starting to rewind the stack
...resume
sleep...
Dumping view...
Int32Array(16384) [
   0,   36, 55, 34, 21,  0,  0, 0, 0, 0, 0, 0,
  56, 1024,  0, 37, 13, 34, 21, 0, 0, 0, 0, 0,
   0,    0,  0,  0,  0,  0,  0, 0, 0, 0, 0, 0,
   0,    0,  0,  0,  0,  0,  0, 0, 0, 0, 0, 0,
   0,    0,  0,  0,  0,  0,  0, 0, 0, 0, 0, 0,
   0,    0,  0,  0,  0,  0,  0, 0, 0, 0, 0, 0,
   0,    0,  0,  0,  0,  0,  0, 0, 0, 0, 0, 0,
   0,    0,  0,  0,  0,  0,  0, 0, 0, 0, 0, 0,
   0,    0,  0,  0,
  ... 16284 more items
]
timeout ended, starting to rewind the stack
...resume
sleep...
Dumping view...
Int32Array(16384) [
   0,   35, 89, 55, 34,  0,  0, 0, 0, 0, 0, 0,
  56, 1024,  0, 36, 21, 55, 34, 0, 0, 0, 0, 0,
   0,    0,  0,  0,  0,  0,  0, 0, 0, 0, 0, 0,
   0,    0,  0,  0,  0,  0,  0, 0, 0, 0, 0, 0,
   0,    0,  0,  0,  0,  0,  0, 0, 0, 0, 0, 0,
   0,    0,  0,  0,  0,  0,  0, 0, 0, 0, 0, 0,
   0,    0,  0,  0,  0,  0,  0, 0, 0, 0, 0, 0,
   0,    0,  0,  0,  0,  0,  0, 0, 0, 0, 0, 0,
   0,    0,  0,  0,
  ... 16284 more items
]
timeout ended, starting to rewind the stack
...resume
sleep...
Dumping view...
Int32Array(16384) [
   0,   34, 144, 89, 55,  0,  0, 0, 0, 0, 0, 0,
  56, 1024,   0, 35, 34, 89, 55, 0, 0, 0, 0, 0,
   0,    0,   0,  0,  0,  0,  0, 0, 0, 0, 0, 0,
   0,    0,   0,  0,  0,  0,  0, 0, 0, 0, 0, 0,
   0,    0,   0,  0,  0,  0,  0, 0, 0, 0, 0, 0,
   0,    0,   0,  0,  0,  0,  0, 0, 0, 0, 0, 0,
   0,    0,   0,  0,  0,  0,  0, 0, 0, 0, 0, 0,
   0,    0,   0,  0,  0,  0,  0, 0, 0, 0, 0, 0,
   0,    0,   0,  0,
  ... 16284 more items
]
timeout ended, starting to rewind the stack
...resume
sleep...
Dumping view...
Int32Array(16384) [
   0,   33, 233, 144, 89,   0,  0, 0, 0, 0, 0, 0,
  56, 1024,   0,  34, 55, 144, 89, 0, 0, 0, 0, 0,
   0,    0,   0,   0,  0,   0,  0, 0, 0, 0, 0, 0,
   0,    0,   0,   0,  0,   0,  0, 0, 0, 0, 0, 0,
   0,    0,   0,   0,  0,   0,  0, 0, 0, 0, 0, 0,
   0,    0,   0,   0,  0,   0,  0, 0, 0, 0, 0, 0,
   0,    0,   0,   0,  0,   0,  0, 0, 0, 0, 0, 0,
   0,    0,   0,   0,  0,   0,  0, 0, 0, 0, 0, 0,
   0,    0,   0,   0,
  ... 16284 more items
]
timeout ended, starting to rewind the stack
...resume
sleep...
Dumping view...
Int32Array(16384) [
   0,   32, 377, 233, 144,   0,   0, 0, 0, 0, 0, 0,
  56, 1024,   0,  33,  89, 233, 144, 0, 0, 0, 0, 0,
   0,    0,   0,   0,   0,   0,   0, 0, 0, 0, 0, 0,
   0,    0,   0,   0,   0,   0,   0, 0, 0, 0, 0, 0,
   0,    0,   0,   0,   0,   0,   0, 0, 0, 0, 0, 0,
   0,    0,   0,   0,   0,   0,   0, 0, 0, 0, 0, 0,
   0,    0,   0,   0,   0,   0,   0, 0, 0, 0, 0, 0,
   0,    0,   0,   0,   0,   0,   0, 0, 0, 0, 0, 0,
   0,    0,   0,   0,
  ... 16284 more items
]
timeout ended, starting to rewind the stack
...resume
sleep...
Dumping view...
Int32Array(16384) [
   0,   31, 610, 377, 233,   0,   0, 0, 0, 0, 0, 0,
  56, 1024,   0,  32, 144, 377, 233, 0, 0, 0, 0, 0,
   0,    0,   0,   0,   0,   0,   0, 0, 0, 0, 0, 0,
   0,    0,   0,   0,   0,   0,   0, 0, 0, 0, 0, 0,
   0,    0,   0,   0,   0,   0,   0, 0, 0, 0, 0, 0,
   0,    0,   0,   0,   0,   0,   0, 0, 0, 0, 0, 0,
   0,    0,   0,   0,   0,   0,   0, 0, 0, 0, 0, 0,
   0,    0,   0,   0,   0,   0,   0, 0, 0, 0, 0, 0,
   0,    0,   0,   0,
  ... 16284 more items
]
timeout ended, starting to rewind the stack
...resume
sleep...
Dumping view...
Int32Array(16384) [
   0,   30, 987, 610, 377,   0,   0, 0, 0, 0, 0, 0,
  56, 1024,   0,  31, 233, 610, 377, 0, 0, 0, 0, 0,
   0,    0,   0,   0,   0,   0,   0, 0, 0, 0, 0, 0,
   0,    0,   0,   0,   0,   0,   0, 0, 0, 0, 0, 0,
   0,    0,   0,   0,   0,   0,   0, 0, 0, 0, 0, 0,
   0,    0,   0,   0,   0,   0,   0, 0, 0, 0, 0, 0,
   0,    0,   0,   0,   0,   0,   0, 0, 0, 0, 0, 0,
   0,    0,   0,   0,   0,   0,   0, 0, 0, 0, 0, 0,
   0,    0,   0,   0,
  ... 16284 more items
]
timeout ended, starting to rewind the stack
...resume
sleep...
Dumping view...
Int32Array(16384) [
   0,   29, 1597, 987, 610,   0,   0, 0, 0, 0, 0, 0,
  56, 1024,    0,  30, 377, 987, 610, 0, 0, 0, 0, 0,
   0,    0,    0,   0,   0,   0,   0, 0, 0, 0, 0, 0,
   0,    0,    0,   0,   0,   0,   0, 0, 0, 0, 0, 0,
   0,    0,    0,   0,   0,   0,   0, 0, 0, 0, 0, 0,
   0,    0,    0,   0,   0,   0,   0, 0, 0, 0, 0, 0,
   0,    0,    0,   0,   0,   0,   0, 0, 0, 0, 0, 0,
   0,    0,    0,   0,   0,   0,   0, 0, 0, 0, 0, 0,
   0,    0,    0,   0,
  ... 16284 more items
]
timeout ended, starting to rewind the stack
...resume
sleep...
Dumping view...
Int32Array(16384) [
   0,   28, 2584, 1597, 987,    0,   0, 0, 0, 0, 0, 0,
  56, 1024,    0,   29, 610, 1597, 987, 0, 0, 0, 0, 0,
   0,    0,    0,    0,   0,    0,   0, 0, 0, 0, 0, 0,
   0,    0,    0,    0,   0,    0,   0, 0, 0, 0, 0, 0,
   0,    0,    0,    0,   0,    0,   0, 0, 0, 0, 0, 0,
   0,    0,    0,    0,   0,    0,   0, 0, 0, 0, 0, 0,
   0,    0,    0,    0,   0,    0,   0, 0, 0, 0, 0, 0,
   0,    0,    0,    0,   0,    0,   0, 0, 0, 0, 0, 0,
   0,    0,    0,    0,
  ... 16284 more items
]
timeout ended, starting to rewind the stack
...resume
sleep...
Dumping view...
Int32Array(16384) [
   0,   27, 4181, 2584, 1597,    0,    0, 0, 0, 0, 0, 0,
  56, 1024,    0,   28,  987, 2584, 1597, 0, 0, 0, 0, 0,
   0,    0,    0,    0,    0,    0,    0, 0, 0, 0, 0, 0,
   0,    0,    0,    0,    0,    0,    0, 0, 0, 0, 0, 0,
   0,    0,    0,    0,    0,    0,    0, 0, 0, 0, 0, 0,
   0,    0,    0,    0,    0,    0,    0, 0, 0, 0, 0, 0,
   0,    0,    0,    0,    0,    0,    0, 0, 0, 0, 0, 0,
   0,    0,    0,    0,    0,    0,    0, 0, 0, 0, 0, 0,
   0,    0,    0,    0,
  ... 16284 more items
]
timeout ended, starting to rewind the stack
...resume
sleep...
Dumping view...
Int32Array(16384) [
   0,   26, 6765, 4181, 2584,    0,    0, 0, 0, 0, 0, 0,
  56, 1024,    0,   27, 1597, 4181, 2584, 0, 0, 0, 0, 0,
   0,    0,    0,    0,    0,    0,    0, 0, 0, 0, 0, 0,
   0,    0,    0,    0,    0,    0,    0, 0, 0, 0, 0, 0,
   0,    0,    0,    0,    0,    0,    0, 0, 0, 0, 0, 0,
   0,    0,    0,    0,    0,    0,    0, 0, 0, 0, 0, 0,
   0,    0,    0,    0,    0,    0,    0, 0, 0, 0, 0, 0,
   0,    0,    0,    0,    0,    0,    0, 0, 0, 0, 0, 0,
   0,    0,    0,    0,
  ... 16284 more items
]
timeout ended, starting to rewind the stack
...resume
sleep...
Dumping view...
Int32Array(16384) [
  0, 25, 10946, 6765, 4181,    0,    0,    0, 0, 0, 0,
  0, 56,  1024,    0,   26, 2584, 6765, 4181, 0, 0, 0,
  0,  0,     0,    0,    0,    0,    0,    0, 0, 0, 0,
  0,  0,     0,    0,    0,    0,    0,    0, 0, 0, 0,
  0,  0,     0,    0,    0,    0,    0,    0, 0, 0, 0,
  0,  0,     0,    0,    0,    0,    0,    0, 0, 0, 0,
  0,  0,     0,    0,    0,    0,    0,    0, 0, 0, 0,
  0,  0,     0,    0,    0,    0,    0,    0, 0, 0, 0,
  0,  0,     0,    0,    0,    0,    0,    0, 0, 0, 0,
  0,
  ... 16284 more items
]
timeout ended, starting to rewind the stack
...resume
sleep...
Dumping view...
Int32Array(16384) [
  0, 24, 17711, 10946, 6765,    0,     0,    0, 0, 0, 0,
  0, 56,  1024,     0,   25, 4181, 10946, 6765, 0, 0, 0,
  0,  0,     0,     0,    0,    0,     0,    0, 0, 0, 0,
  0,  0,     0,     0,    0,    0,     0,    0, 0, 0, 0,
  0,  0,     0,     0,    0,    0,     0,    0, 0, 0, 0,
  0,  0,     0,     0,    0,    0,     0,    0, 0, 0, 0,
  0,  0,     0,     0,    0,    0,     0,    0, 0, 0, 0,
  0,  0,     0,     0,    0,    0,     0,    0, 0, 0, 0,
  0,  0,     0,     0,    0,    0,     0,    0, 0, 0, 0,
  0,
  ... 16284 more items
]
timeout ended, starting to rewind the stack
...resume
sleep...
Dumping view...
Int32Array(16384) [
  0, 23, 28657, 17711, 10946,    0,     0,     0, 0, 0, 0,
  0, 56,  1024,     0,    24, 6765, 17711, 10946, 0, 0, 0,
  0,  0,     0,     0,     0,    0,     0,     0, 0, 0, 0,
  0,  0,     0,     0,     0,    0,     0,     0, 0, 0, 0,
  0,  0,     0,     0,     0,    0,     0,     0, 0, 0, 0,
  0,  0,     0,     0,     0,    0,     0,     0, 0, 0, 0,
  0,  0,     0,     0,     0,    0,     0,     0, 0, 0, 0,
  0,  0,     0,     0,     0,    0,     0,     0, 0, 0, 0,
  0,  0,     0,     0,     0,    0,     0,     0, 0, 0, 0,
  0,
  ... 16284 more items
]
timeout ended, starting to rewind the stack
...resume
sleep...
Dumping view...
Int32Array(16384) [
  0, 22, 46368, 28657, 17711,     0,     0,     0, 0, 0, 0,
  0, 56,  1024,     0,    23, 10946, 28657, 17711, 0, 0, 0,
  0,  0,     0,     0,     0,     0,     0,     0, 0, 0, 0,
  0,  0,     0,     0,     0,     0,     0,     0, 0, 0, 0,
  0,  0,     0,     0,     0,     0,     0,     0, 0, 0, 0,
  0,  0,     0,     0,     0,     0,     0,     0, 0, 0, 0,
  0,  0,     0,     0,     0,     0,     0,     0, 0, 0, 0,
  0,  0,     0,     0,     0,     0,     0,     0, 0, 0, 0,
  0,  0,     0,     0,     0,     0,     0,     0, 0, 0, 0,
  0,
  ... 16284 more items
]
timeout ended, starting to rewind the stack
...resume
sleep...
Dumping view...
Int32Array(16384) [
  0, 21, 75025, 46368, 28657,     0,     0,     0, 0, 0, 0,
  0, 56,  1024,     0,    22, 17711, 46368, 28657, 0, 0, 0,
  0,  0,     0,     0,     0,     0,     0,     0, 0, 0, 0,
  0,  0,     0,     0,     0,     0,     0,     0, 0, 0, 0,
  0,  0,     0,     0,     0,     0,     0,     0, 0, 0, 0,
  0,  0,     0,     0,     0,     0,     0,     0, 0, 0, 0,
  0,  0,     0,     0,     0,     0,     0,     0, 0, 0, 0,
  0,  0,     0,     0,     0,     0,     0,     0, 0, 0, 0,
  0,  0,     0,     0,     0,     0,     0,     0, 0, 0, 0,
  0,
  ... 16284 more items
]
timeout ended, starting to rewind the stack
...resume
sleep...
Dumping view...
Int32Array(16384) [
      0, 20, 121393, 75025, 46368, 0,  0,     0,     0,
      0,  0,      0,    56,  1024, 0, 21, 28657, 75025,
  46368,  0,      0,     0,     0, 0,  0,     0,     0,
      0,  0,      0,     0,     0, 0,  0,     0,     0,
      0,  0,      0,     0,     0, 0,  0,     0,     0,
      0,  0,      0,     0,     0, 0,  0,     0,     0,
      0,  0,      0,     0,     0, 0,  0,     0,     0,
      0,  0,      0,     0,     0, 0,  0,     0,     0,
      0,  0,      0,     0,     0, 0,  0,     0,     0,
      0,  0,      0,     0,     0, 0,  0,     0,     0,
      0,  0,      0,     0,     0, 0,  0,     0,     0,
      0,
  ... 16284 more items
]
timeout ended, starting to rewind the stack
...resume
sleep...
Dumping view...
Int32Array(16384) [
      0, 19, 196418, 121393, 75025, 0,  0,     0,      0,
      0,  0,      0,     56,  1024, 0, 20, 46368, 121393,
  75025,  0,      0,      0,     0, 0,  0,     0,      0,
      0,  0,      0,      0,     0, 0,  0,     0,      0,
      0,  0,      0,      0,     0, 0,  0,     0,      0,
      0,  0,      0,      0,     0, 0,  0,     0,      0,
      0,  0,      0,      0,     0, 0,  0,     0,      0,
      0,  0,      0,      0,     0, 0,  0,     0,      0,
      0,  0,      0,      0,     0, 0,  0,     0,      0,
      0,  0,      0,      0,     0, 0,  0,     0,      0,
      0,  0,      0,      0,     0, 0,  0,     0,      0,
      0,
  ... 16284 more items
]
timeout ended, starting to rewind the stack
...resume
sleep...
Dumping view...
Int32Array(16384) [
       0, 18, 317811, 196418, 121393, 0,  0,     0,      0,
       0,  0,      0,     56,   1024, 0, 19, 75025, 196418,
  121393,  0,      0,      0,      0, 0,  0,     0,      0,
       0,  0,      0,      0,      0, 0,  0,     0,      0,
       0,  0,      0,      0,      0, 0,  0,     0,      0,
       0,  0,      0,      0,      0, 0,  0,     0,      0,
       0,  0,      0,      0,      0, 0,  0,     0,      0,
       0,  0,      0,      0,      0, 0,  0,     0,      0,
       0,  0,      0,      0,      0, 0,  0,     0,      0,
       0,  0,      0,      0,      0, 0,  0,     0,      0,
       0,  0,      0,      0,      0, 0,  0,     0,      0,
       0,
  ... 16284 more items
]
timeout ended, starting to rewind the stack
...resume
sleep...
Dumping view...
Int32Array(16384) [
       0, 17, 514229, 317811, 196418, 0,  0,      0,      0,
       0,  0,      0,     56,   1024, 0, 18, 121393, 317811,
  196418,  0,      0,      0,      0, 0,  0,      0,      0,
       0,  0,      0,      0,      0, 0,  0,      0,      0,
       0,  0,      0,      0,      0, 0,  0,      0,      0,
       0,  0,      0,      0,      0, 0,  0,      0,      0,
       0,  0,      0,      0,      0, 0,  0,      0,      0,
       0,  0,      0,      0,      0, 0,  0,      0,      0,
       0,  0,      0,      0,      0, 0,  0,      0,      0,
       0,  0,      0,      0,      0, 0,  0,      0,      0,
       0,  0,      0,      0,      0, 0,  0,      0,      0,
       0,
  ... 16284 more items
]
timeout ended, starting to rewind the stack
...resume
sleep...
Dumping view...
Int32Array(16384) [
       0, 16, 832040, 514229, 317811, 0,  0,      0,      0,
       0,  0,      0,     56,   1024, 0, 17, 196418, 514229,
  317811,  0,      0,      0,      0, 0,  0,      0,      0,
       0,  0,      0,      0,      0, 0,  0,      0,      0,
       0,  0,      0,      0,      0, 0,  0,      0,      0,
       0,  0,      0,      0,      0, 0,  0,      0,      0,
       0,  0,      0,      0,      0, 0,  0,      0,      0,
       0,  0,      0,      0,      0, 0,  0,      0,      0,
       0,  0,      0,      0,      0, 0,  0,      0,      0,
       0,  0,      0,      0,      0, 0,  0,      0,      0,
       0,  0,      0,      0,      0, 0,  0,      0,      0,
       0,
  ... 16284 more items
]
timeout ended, starting to rewind the stack
...resume
sleep...
Dumping view...
Int32Array(16384) [
       0,     15, 1346269, 832040, 514229,    0, 0,  0,
       0,      0,       0,      0,     56, 1024, 0, 16,
  317811, 832040,  514229,      0,      0,    0, 0,  0,
       0,      0,       0,      0,      0,    0, 0,  0,
       0,      0,       0,      0,      0,    0, 0,  0,
       0,      0,       0,      0,      0,    0, 0,  0,
       0,      0,       0,      0,      0,    0, 0,  0,
       0,      0,       0,      0,      0,    0, 0,  0,
       0,      0,       0,      0,      0,    0, 0,  0,
       0,      0,       0,      0,      0,    0, 0,  0,
       0,      0,       0,      0,      0,    0, 0,  0,
       0,      0,       0,      0,      0,    0, 0,  0,
       0,      0,       0,      0,
  ... 16284 more items
]
timeout ended, starting to rewind the stack
...resume
sleep...
Dumping view...
Int32Array(16384) [
       0,      14, 2178309, 1346269, 832040,    0, 0,  0,
       0,       0,       0,       0,     56, 1024, 0, 15,
  514229, 1346269,  832040,       0,      0,    0, 0,  0,
       0,       0,       0,       0,      0,    0, 0,  0,
       0,       0,       0,       0,      0,    0, 0,  0,
       0,       0,       0,       0,      0,    0, 0,  0,
       0,       0,       0,       0,      0,    0, 0,  0,
       0,       0,       0,       0,      0,    0, 0,  0,
       0,       0,       0,       0,      0,    0, 0,  0,
       0,       0,       0,       0,      0,    0, 0,  0,
       0,       0,       0,       0,      0,    0, 0,  0,
       0,       0,       0,       0,      0,    0, 0,  0,
       0,       0,       0,       0,
  ... 16284 more items
]
timeout ended, starting to rewind the stack
...resume
sleep...
Dumping view...
Int32Array(16384) [
       0,      13, 3524578, 2178309, 1346269,    0, 0,  0,
       0,       0,       0,       0,      56, 1024, 0, 14,
  832040, 2178309, 1346269,       0,       0,    0, 0,  0,
       0,       0,       0,       0,       0,    0, 0,  0,
       0,       0,       0,       0,       0,    0, 0,  0,
       0,       0,       0,       0,       0,    0, 0,  0,
       0,       0,       0,       0,       0,    0, 0,  0,
       0,       0,       0,       0,       0,    0, 0,  0,
       0,       0,       0,       0,       0,    0, 0,  0,
       0,       0,       0,       0,       0,    0, 0,  0,
       0,       0,       0,       0,       0,    0, 0,  0,
       0,       0,       0,       0,       0,    0, 0,  0,
       0,       0,       0,       0,
  ... 16284 more items
]
timeout ended, starting to rewind the stack
...resume
sleep...
Dumping view...
Int32Array(16384) [
        0,      12, 5702887, 3524578, 2178309,    0, 0,  0,
        0,       0,       0,       0,      56, 1024, 0, 13,
  1346269, 3524578, 2178309,       0,       0,    0, 0,  0,
        0,       0,       0,       0,       0,    0, 0,  0,
        0,       0,       0,       0,       0,    0, 0,  0,
        0,       0,       0,       0,       0,    0, 0,  0,
        0,       0,       0,       0,       0,    0, 0,  0,
        0,       0,       0,       0,       0,    0, 0,  0,
        0,       0,       0,       0,       0,    0, 0,  0,
        0,       0,       0,       0,       0,    0, 0,  0,
        0,       0,       0,       0,       0,    0, 0,  0,
        0,       0,       0,       0,       0,    0, 0,  0,
        0,       0,       0,       0,
  ... 16284 more items
]
timeout ended, starting to rewind the stack
...resume
sleep...
Dumping view...
Int32Array(16384) [
        0,      11, 9227465, 5702887, 3524578,    0, 0,  0,
        0,       0,       0,       0,      56, 1024, 0, 12,
  2178309, 5702887, 3524578,       0,       0,    0, 0,  0,
        0,       0,       0,       0,       0,    0, 0,  0,
        0,       0,       0,       0,       0,    0, 0,  0,
        0,       0,       0,       0,       0,    0, 0,  0,
        0,       0,       0,       0,       0,    0, 0,  0,
        0,       0,       0,       0,       0,    0, 0,  0,
        0,       0,       0,       0,       0,    0, 0,  0,
        0,       0,       0,       0,       0,    0, 0,  0,
        0,       0,       0,       0,       0,    0, 0,  0,
        0,       0,       0,       0,       0,    0, 0,  0,
        0,       0,       0,       0,
  ... 16284 more items
]
timeout ended, starting to rewind the stack
...resume
sleep...
Dumping view...
Int32Array(16384) [
        0,      10, 14930352, 9227465, 5702887,    0, 0,  0,
        0,       0,        0,       0,      56, 1024, 0, 11,
  3524578, 9227465,  5702887,       0,       0,    0, 0,  0,
        0,       0,        0,       0,       0,    0, 0,  0,
        0,       0,        0,       0,       0,    0, 0,  0,
        0,       0,        0,       0,       0,    0, 0,  0,
        0,       0,        0,       0,       0,    0, 0,  0,
        0,       0,        0,       0,       0,    0, 0,  0,
        0,       0,        0,       0,       0,    0, 0,  0,
        0,       0,        0,       0,       0,    0, 0,  0,
        0,       0,        0,       0,       0,    0, 0,  0,
        0,       0,        0,       0,       0,    0, 0,  0,
        0,       0,        0,       0,
  ... 16284 more items
]
timeout ended, starting to rewind the stack
...resume
sleep...
Dumping view...
Int32Array(16384) [
        0,        9, 24157817, 14930352, 9227465,    0, 0,  0,
        0,        0,        0,        0,      56, 1024, 0, 10,
  5702887, 14930352,  9227465,        0,       0,    0, 0,  0,
        0,        0,        0,        0,       0,    0, 0,  0,
        0,        0,        0,        0,       0,    0, 0,  0,
        0,        0,        0,        0,       0,    0, 0,  0,
        0,        0,        0,        0,       0,    0, 0,  0,
        0,        0,        0,        0,       0,    0, 0,  0,
        0,        0,        0,        0,       0,    0, 0,  0,
        0,        0,        0,        0,       0,    0, 0,  0,
        0,        0,        0,        0,       0,    0, 0,  0,
        0,        0,        0,        0,       0,    0, 0,  0,
        0,        0,        0,        0,
  ... 16284 more items
]
timeout ended, starting to rewind the stack
...resume
sleep...
Dumping view...
Int32Array(16384) [
        0,        8, 39088169, 24157817, 14930352,    0, 0, 0,
        0,        0,        0,        0,       56, 1024, 0, 9,
  9227465, 24157817, 14930352,        0,        0,    0, 0, 0,
        0,        0,        0,        0,        0,    0, 0, 0,
        0,        0,        0,        0,        0,    0, 0, 0,
        0,        0,        0,        0,        0,    0, 0, 0,
        0,        0,        0,        0,        0,    0, 0, 0,
        0,        0,        0,        0,        0,    0, 0, 0,
        0,        0,        0,        0,        0,    0, 0, 0,
        0,        0,        0,        0,        0,    0, 0, 0,
        0,        0,        0,        0,        0,    0, 0, 0,
        0,        0,        0,        0,        0,    0, 0, 0,
        0,        0,        0,        0,
  ... 16284 more items
]
timeout ended, starting to rewind the stack
...resume
sleep...
Dumping view...
Int32Array(16384) [
         0,        7, 63245986, 39088169, 24157817,    0, 0, 0,
         0,        0,        0,        0,       56, 1024, 0, 8,
  14930352, 39088169, 24157817,        0,        0,    0, 0, 0,
         0,        0,        0,        0,        0,    0, 0, 0,
         0,        0,        0,        0,        0,    0, 0, 0,
         0,        0,        0,        0,        0,    0, 0, 0,
         0,        0,        0,        0,        0,    0, 0, 0,
         0,        0,        0,        0,        0,    0, 0, 0,
         0,        0,        0,        0,        0,    0, 0, 0,
         0,        0,        0,        0,        0,    0, 0, 0,
         0,        0,        0,        0,        0,    0, 0, 0,
         0,        0,        0,        0,        0,    0, 0, 0,
         0,        0,        0,        0,
  ... 16284 more items
]
timeout ended, starting to rewind the stack
...resume
sleep...
Dumping view...
Int32Array(16384) [
  0, 6, 102334155, 63245986, 39088169,  0,    0,
  0, 0,         0,        0,        0, 56, 1024,
  0, 7,  24157817, 63245986, 39088169,  0,    0,
  0, 0,         0,        0,        0,  0,    0,
  0, 0,         0,        0,        0,  0,    0,
  0, 0,         0,        0,        0,  0,    0,
  0, 0,         0,        0,        0,  0,    0,
  0, 0,         0,        0,        0,  0,    0,
  0, 0,         0,        0,        0,  0,    0,
  0, 0,         0,        0,        0,  0,    0,
  0, 0,         0,        0,        0,  0,    0,
  0, 0,         0,        0,        0,  0,    0,
  0, 0,         0,        0,        0,  0,    0,
  0, 0,         0,        0,        0,  0,    0,
  0, 0,
  ... 16284 more items
]
timeout ended, starting to rewind the stack
...resume
sleep...
Dumping view...
Int32Array(16384) [
  0, 5, 165580141, 102334155, 63245986,  0,    0,
  0, 0,         0,         0,        0, 56, 1024,
  0, 6,  39088169, 102334155, 63245986,  0,    0,
  0, 0,         0,         0,        0,  0,    0,
  0, 0,         0,         0,        0,  0,    0,
  0, 0,         0,         0,        0,  0,    0,
  0, 0,         0,         0,        0,  0,    0,
  0, 0,         0,         0,        0,  0,    0,
  0, 0,         0,         0,        0,  0,    0,
  0, 0,         0,         0,        0,  0,    0,
  0, 0,         0,         0,        0,  0,    0,
  0, 0,         0,         0,        0,  0,    0,
  0, 0,         0,         0,        0,  0,    0,
  0, 0,         0,         0,        0,  0,    0,
  0, 0,
  ... 16284 more items
]
timeout ended, starting to rewind the stack
...resume
sleep...
Dumping view...
Int32Array(16384) [
  0, 4, 267914296, 165580141, 102334155,  0,    0,
  0, 0,         0,         0,         0, 56, 1024,
  0, 5,  63245986, 165580141, 102334155,  0,    0,
  0, 0,         0,         0,         0,  0,    0,
  0, 0,         0,         0,         0,  0,    0,
  0, 0,         0,         0,         0,  0,    0,
  0, 0,         0,         0,         0,  0,    0,
  0, 0,         0,         0,         0,  0,    0,
  0, 0,         0,         0,         0,  0,    0,
  0, 0,         0,         0,         0,  0,    0,
  0, 0,         0,         0,         0,  0,    0,
  0, 0,         0,         0,         0,  0,    0,
  0, 0,         0,         0,         0,  0,    0,
  0, 0,         0,         0,         0,  0,    0,
  0, 0,
  ... 16284 more items
]
timeout ended, starting to rewind the stack
...resume
sleep...
Dumping view...
Int32Array(16384) [
  0, 3, 433494437, 267914296, 165580141,  0,    0,
  0, 0,         0,         0,         0, 56, 1024,
  0, 4, 102334155, 267914296, 165580141,  0,    0,
  0, 0,         0,         0,         0,  0,    0,
  0, 0,         0,         0,         0,  0,    0,
  0, 0,         0,         0,         0,  0,    0,
  0, 0,         0,         0,         0,  0,    0,
  0, 0,         0,         0,         0,  0,    0,
  0, 0,         0,         0,         0,  0,    0,
  0, 0,         0,         0,         0,  0,    0,
  0, 0,         0,         0,         0,  0,    0,
  0, 0,         0,         0,         0,  0,    0,
  0, 0,         0,         0,         0,  0,    0,
  0, 0,         0,         0,         0,  0,    0,
  0, 0,
  ... 16284 more items
]
timeout ended, starting to rewind the stack
...resume
sleep...
Dumping view...
Int32Array(16384) [
  0, 2, 701408733, 433494437, 267914296,  0,    0,
  0, 0,         0,         0,         0, 56, 1024,
  0, 3, 165580141, 433494437, 267914296,  0,    0,
  0, 0,         0,         0,         0,  0,    0,
  0, 0,         0,         0,         0,  0,    0,
  0, 0,         0,         0,         0,  0,    0,
  0, 0,         0,         0,         0,  0,    0,
  0, 0,         0,         0,         0,  0,    0,
  0, 0,         0,         0,         0,  0,    0,
  0, 0,         0,         0,         0,  0,    0,
  0, 0,         0,         0,         0,  0,    0,
  0, 0,         0,         0,         0,  0,    0,
  0, 0,         0,         0,         0,  0,    0,
  0, 0,         0,         0,         0,  0,    0,
  0, 0,
  ... 16284 more items
]
timeout ended, starting to rewind the stack
...resume
sleep...
Dumping view...
Int32Array(16384) [
          0,    1, 1134903170, 701408733, 433494437,         0,
          0,    0,          0,         0,         0,         0,
         56, 1024,          0,         2, 267914296, 701408733,
  433494437,    0,          0,         0,         0,         0,
          0,    0,          0,         0,         0,         0,
          0,    0,          0,         0,         0,         0,
          0,    0,          0,         0,         0,         0,
          0,    0,          0,         0,         0,         0,
          0,    0,          0,         0,         0,         0,
          0,    0,          0,         0,         0,         0,
          0,    0,          0,         0,         0,         0,
          0,    0,          0,         0,         0,         0,
          0,    0,          0,         0,         0,         0,
          0,    0,          0,         0,         0,         0,
          0,    0,          0,         0,         0,         0,
          0,    0,          0,         0,         0,         0,
          0,    0,          0,         0,
  ... 16284 more items
]
timeout ended, starting to rewind the stack
...resume
sleep...
Dumping view...
Int32Array(16384) [
          0,    0, 1836311903, 1134903170, 701408733,          0,
          0,    0,          0,          0,         0,          0,
         56, 1024,          0,          1, 433494437, 1134903170,
  701408733,    0,          0,          0,         0,          0,
          0,    0,          0,          0,         0,          0,
          0,    0,          0,          0,         0,          0,
          0,    0,          0,          0,         0,          0,
          0,    0,          0,          0,         0,          0,
          0,    0,          0,          0,         0,          0,
          0,    0,          0,          0,         0,          0,
          0,    0,          0,          0,         0,          0,
          0,    0,          0,          0,         0,          0,
          0,    0,          0,          0,         0,          0,
          0,    0,          0,          0,         0,          0,
          0,    0,          0,          0,         0,          0,
          0,    0,          0,          0,         0,          0,
          0,    0,          0,          0,
  ... 16284 more items
]
timeout ended, starting to rewind the stack
...resume
